<?xml version="1.0" encoding="UTF-8"?>
<testsuite xmlns:xsi="http://www.w3.org/2001/XMLSchema-instance" xsi:noNamespaceSchemaLocation="https://maven.apache.org/surefire/maven-surefire-plugin/xsd/surefire-test-report-3.0.xsd" version="3.0" name="DAO.UsuarioDAOTest" time="0.066" tests="6" errors="0" skipped="0" failures="0">
  <properties>
    <property name="java.specification.version" value="22"/>
    <property name="sun.cpu.isalist" value="amd64"/>
    <property name="sun.jnu.encoding" value="Cp1252"/>
    <property name="java.class.path" value="C:\Users\INEGI\Downloads\Proyecto de pruebas de software\ProyectoDisenioGibran-main\ProyectoDisenioGibran-main\PersistenciaLibraryAccess\target\test-classes;C:\Users\INEGI\Downloads\Proyecto de pruebas de software\ProyectoDisenioGibran-main\ProyectoDisenioGibran-main\PersistenciaLibraryAccess\target\classes;C:\Users\INEGI\.m2\repository\org\mongodb\mongodb-driver-sync\4.5.0\mongodb-driver-sync-4.5.0.jar;C:\Users\INEGI\.m2\repository\org\mongodb\bson\4.5.0\bson-4.5.0.jar;C:\Users\INEGI\.m2\repository\org\mongodb\mongodb-driver-core\4.5.0\mongodb-driver-core-4.5.0.jar;C:\Users\INEGI\.m2\repository\org\junit\jupiter\junit-jupiter-api\5.10.3\junit-jupiter-api-5.10.3.jar;C:\Users\INEGI\.m2\repository\org\opentest4j\opentest4j\1.3.0\opentest4j-1.3.0.jar;C:\Users\INEGI\.m2\repository\org\junit\platform\junit-platform-commons\1.10.3\junit-platform-commons-1.10.3.jar;C:\Users\INEGI\.m2\repository\org\apiguardian\apiguardian-api\1.1.2\apiguardian-api-1.1.2.jar;C:\Users\INEGI\.m2\repository\org\junit\jupiter\junit-jupiter-params\5.10.3\junit-jupiter-params-5.10.3.jar;C:\Users\INEGI\.m2\repository\org\junit\jupiter\junit-jupiter-engine\5.10.3\junit-jupiter-engine-5.10.3.jar;C:\Users\INEGI\.m2\repository\org\junit\platform\junit-platform-engine\1.10.3\junit-platform-engine-1.10.3.jar;C:\Users\INEGI\.m2\repository\org\mockito\mockito-core\5.4.0\mockito-core-5.4.0.jar;C:\Users\INEGI\.m2\repository\net\bytebuddy\byte-buddy\1.14.5\byte-buddy-1.14.5.jar;C:\Users\INEGI\.m2\repository\net\bytebuddy\byte-buddy-agent\1.14.5\byte-buddy-agent-1.14.5.jar;C:\Users\INEGI\.m2\repository\org\objenesis\objenesis\3.3\objenesis-3.3.jar;"/>
    <property name="java.vm.vendor" value="Oracle Corporation"/>
    <property name="sun.arch.data.model" value="64"/>
    <property name="user.variant" value=""/>
    <property name="java.vendor.url" value="https://java.oracle.com/"/>
    <property name="user.timezone" value="America/Hermosillo"/>
    <property name="os.name" value="Windows 11"/>
    <property name="java.vm.specification.version" value="22"/>
    <property name="user.country" value="MX"/>
    <property name="sun.java.launcher" value="SUN_STANDARD"/>
    <property name="sun.boot.library.path" value="C:\Program Files\Java\jdk-22\bin"/>
    <property name="sun.java.command" value="C:\Users\INEGI\AppData\Local\Temp\surefire6349423710411787552\surefirebooter-20241102221713329_3.jar C:\Users\INEGI\AppData\Local\Temp\surefire6349423710411787552 2024-11-02T22-17-13_142-jvmRun1 surefire-20241102221713329_1tmp surefire_0-20241102221713329_2tmp"/>
    <property name="jdk.debug" value="release"/>
    <property name="surefire.test.class.path" value="C:\Users\INEGI\Downloads\Proyecto de pruebas de software\ProyectoDisenioGibran-main\ProyectoDisenioGibran-main\PersistenciaLibraryAccess\target\test-classes;C:\Users\INEGI\Downloads\Proyecto de pruebas de software\ProyectoDisenioGibran-main\ProyectoDisenioGibran-main\PersistenciaLibraryAccess\target\classes;C:\Users\INEGI\.m2\repository\org\mongodb\mongodb-driver-sync\4.5.0\mongodb-driver-sync-4.5.0.jar;C:\Users\INEGI\.m2\repository\org\mongodb\bson\4.5.0\bson-4.5.0.jar;C:\Users\INEGI\.m2\repository\org\mongodb\mongodb-driver-core\4.5.0\mongodb-driver-core-4.5.0.jar;C:\Users\INEGI\.m2\repository\org\junit\jupiter\junit-jupiter-api\5.10.3\junit-jupiter-api-5.10.3.jar;C:\Users\INEGI\.m2\repository\org\opentest4j\opentest4j\1.3.0\opentest4j-1.3.0.jar;C:\Users\INEGI\.m2\repository\org\junit\platform\junit-platform-commons\1.10.3\junit-platform-commons-1.10.3.jar;C:\Users\INEGI\.m2\repository\org\apiguardian\apiguardian-api\1.1.2\apiguardian-api-1.1.2.jar;C:\Users\INEGI\.m2\repository\org\junit\jupiter\junit-jupiter-params\5.10.3\junit-jupiter-params-5.10.3.jar;C:\Users\INEGI\.m2\repository\org\junit\jupiter\junit-jupiter-engine\5.10.3\junit-jupiter-engine-5.10.3.jar;C:\Users\INEGI\.m2\repository\org\junit\platform\junit-platform-engine\1.10.3\junit-platform-engine-1.10.3.jar;C:\Users\INEGI\.m2\repository\org\mockito\mockito-core\5.4.0\mockito-core-5.4.0.jar;C:\Users\INEGI\.m2\repository\net\bytebuddy\byte-buddy\1.14.5\byte-buddy-1.14.5.jar;C:\Users\INEGI\.m2\repository\net\bytebuddy\byte-buddy-agent\1.14.5\byte-buddy-agent-1.14.5.jar;C:\Users\INEGI\.m2\repository\org\objenesis\objenesis\3.3\objenesis-3.3.jar;"/>
    <property name="sun.cpu.endian" value="little"/>
    <property name="user.home" value="C:\Users\INEGI"/>
    <property name="user.language" value="es"/>
    <property name="java.specification.vendor" value="Oracle Corporation"/>
    <property name="java.version.date" value="2024-04-16"/>
    <property name="java.home" value="C:\Program Files\Java\jdk-22"/>
    <property name="file.separator" value="\"/>
    <property name="basedir" value="C:\Users\INEGI\Downloads\Proyecto de pruebas de software\ProyectoDisenioGibran-main\ProyectoDisenioGibran-main\PersistenciaLibraryAccess"/>
    <property name="java.vm.compressedOopsMode" value="Zero based"/>
    <property name="line.separator" value="&#10;"/>
    <property name="java.vm.specification.vendor" value="Oracle Corporation"/>
    <property name="java.specification.name" value="Java Platform API Specification"/>
    <property name="surefire.real.class.path" value="C:\Users\INEGI\AppData\Local\Temp\surefire6349423710411787552\surefirebooter-20241102221713329_3.jar"/>
    <property name="user.script" value=""/>
    <property name="sun.management.compiler" value="HotSpot 64-Bit Tiered Compilers"/>
    <property name="java.runtime.version" value="22.0.1+8-16"/>
    <property name="user.name" value="INEGI"/>
    <property name="stdout.encoding" value="Cp1252"/>
    <property name="path.separator" value=";"/>
    <property name="os.version" value="10.0"/>
    <property name="java.runtime.name" value="Java(TM) SE Runtime Environment"/>
    <property name="file.encoding" value="UTF-8"/>
    <property name="java.vm.name" value="Java HotSpot(TM) 64-Bit Server VM"/>
    <property name="maven.ext.class.path" value="C:\Program Files\NetBeans-23\netbeans\java\maven-nblib\netbeans-eventspy.jar"/>
    <property name="localRepository" value="C:\Users\INEGI\.m2\repository"/>
    <property name="java.vendor.url.bug" value="https://bugreport.java.com/bugreport/"/>
    <property name="java.io.tmpdir" value="C:\Users\INEGI\AppData\Local\Temp\"/>
    <property name="java.version" value="22.0.1"/>
    <property name="user.dir" value="C:\Users\INEGI\Downloads\Proyecto de pruebas de software\ProyectoDisenioGibran-main\ProyectoDisenioGibran-main\PersistenciaLibraryAccess"/>
    <property name="os.arch" value="amd64"/>
    <property name="java.vm.specification.name" value="Java Virtual Machine Specification"/>
    <property name="sun.os.patch.level" value=""/>
    <property name="native.encoding" value="Cp1252"/>
    <property name="java.library.path" value="C:\Program Files\Java\jdk-22\bin;C:\Windows\Sun\Java\bin;C:\Windows\system32;C:\Windows;C:\Program Files\Java\bin\;C:\Program Files\Common Files\Oracle\Java\javapath;C:\Windows\system32;C:\Windows;C:\Windows\System32\Wbem;C:\Windows\System32\WindowsPowerShell\v1.0\;C:\Windows\System32\OpenSSH\;C:\Program Files\Git\cmd;C:\Program Files\MySQL\MySQL Shell 8.0\bin\;C:\Users\INEGI\AppData\Local\Microsoft\WindowsApps;C:\Users\INEGI\AppData\Local\Programs\Microsoft VS Code\bin;C:\Users\INEGI\AppData\Local\GitHubDesktop\bin;."/>
    <property name="java.vm.info" value="mixed mode, sharing"/>
    <property name="stderr.encoding" value="Cp1252"/>
    <property name="java.vendor" value="Oracle Corporation"/>
    <property name="java.vm.version" value="22.0.1+8-16"/>
    <property name="sun.io.unicode.encoding" value="UnicodeLittle"/>
    <property name="java.class.version" value="66.0"/>
  </properties>
  <testcase name="testAgregarUsuario" classname="DAO.UsuarioDAOTest" time="0.008">
    <system-out><![CDATA[agregarUsuario
Advertencia: Ya existe un usuario con ese nombre de usuario: testUser
]]></system-out>
  </testcase>
  <testcase name="testAgregarProductoVendido" classname="DAO.UsuarioDAOTest" time="0.015">
    <system-out><![CDATA[agregarProductoVendido
Advertencia: Ya existe un usuario con ese nombre de usuario: testUser
ya esta ese producto
]]></system-out>
  </testcase>
  <testcase name="testUsuarioInicioSesion" classname="DAO.UsuarioDAOTest" time="0.008">
    <system-out><![CDATA[UsuarioInicioSesion
Advertencia: Ya existe un usuario con ese nombre de usuario: testUser
]]></system-out>
  </testcase>
  <testcase name="testObtenerHistorialProductosVendidos" classname="DAO.UsuarioDAOTest" time="0.016">
    <system-out><![CDATA[obtenerHistorialProductosVendidos
Advertencia: Ya existe un usuario con ese nombre de usuario: testUser
ya esta ese producto
]]></system-out>
  </testcase>
  <testcase name="testBuscarUsuario" classname="DAO.UsuarioDAOTest" time="0.007">
    <system-out><![CDATA[buscarUsuario
Advertencia: Ya existe un usuario con ese nombre de usuario: testUser
]]></system-out>
  </testcase>
  <testcase name="testObtenerTodosLosUsuarios" classname="DAO.UsuarioDAOTest" time="0.008">
    <system-out><![CDATA[obtenerTodosLosUsuarios
Advertencia: Ya existe un usuario con ese nombre de usuario: testUser
[Usuario{idUsuario=null, nombreUsuario=j, contrasenia=a, productosVendidos=[]}, Usuario{idUsuario=null, nombreUsuario=jose, contrasenia=juan, productosVendidos=[]}, Usuario{idUsuario=66385cffc73cd77b64a7444a, nombreUsuario=a, contrasenia=b, productosVendidos=[]}, Usuario{idUsuario=null, nombreUsuario=MC, contrasenia=MC, productosVendidos=[]}, Usuario{idUsuario=null, nombreUsuario=loco, contrasenia=loco, productosVendidos=[]}, Usuario{idUsuario=null, nombreUsuario=a, contrasenia=a, productosVendidos=[]}, Usuario{idUsuario=null, nombreUsuario=pedro, contrasenia=picapiedra, productosVendidos=[]}, Usuario{idUsuario=null, nombreUsuario=lujan, contrasenia=morales, productosVendidos=[]}, Usuario{idUsuario=null, nombreUsuario=zelda, contrasenia=link, productosVendidos=[]}, Usuario{idUsuario=null, nombreUsuario=link, contrasenia=zelda, productosVendidos=[]}, Usuario{idUsuario=null, nombreUsuario=jorgendo43, contrasenia=raul, productosVendidos=[]}, Usuario{idUsuario=null, nombreUsuario=ramoncito, contrasenia=ramon, productosVendidos=[Producto{id=null, isbn=20806, titulo=prueba, autor=Bram Stoker, tipo=Libro, editorial=Dover Publications, precio=5.99, categoria=Terror, cantidad=20, reseñas=[]}, Producto{id=null, isbn=68174112, titulo=prueba, autor=Bram Stoker, tipo=Libro, editorial=Dover Publications, precio=5.99, categoria=Terror, cantidad=20, reseñas=[]}, Producto{id=null, isbn=1065248, titulo=vendido, autor=Bram Stoker, tipo=Libro, editorial=Dover Publications, precio=5.99, categoria=Terror, cantidad=20, reseñas=[]}, Producto{id=null, isbn=109044, titulo=ramadann, autor=rummalia, tipo=cominaca, editorial=si, precio=321.0, categoria=primera, cantidad=4, reseñas=[]}, Producto{id=null, isbn=567065, titulo=edgar, autor=acevedo, tipo=acosta, editorial=si, precio=2332.0, categoria=primera, cantidad=25, reseñas=[]}]}, Usuario{idUsuario=null, nombreUsuario=servando, contrasenia=contreras, productosVendidos=[]}, Usuario{idUsuario=null, nombreUsuario=testUser, contrasenia=testPassword, productosVendidos=[Producto{id=null, isbn=0, titulo=testProduct, autor=null, tipo=null, editorial=null, precio=0.0, categoria=null, cantidad=0, reseñas=[]}, Producto{id=null, isbn=0, titulo=testProduct, autor=null, tipo=null, editorial=null, precio=0.0, categoria=null, cantidad=0, reseñas=[]}, Producto{id=null, isbn=123456, titulo=Libro de Prueba, autor=Autor de Prueba, tipo=Tipo, editorial=Editorial, precio=10.0, categoria=Categoria, cantidad=5, reseñas=[]}, Producto{id=null, isbn=123456, titulo=Libro de Prueba, autor=Autor de Prueba, tipo=Tipo, editorial=Editorial, precio=10.0, categoria=Categoria, cantidad=5, reseñas=[]}, Producto{id=null, isbn=123456, titulo=Libro de Prueba, autor=Autor de Prueba, tipo=Tipo, editorial=Editorial, precio=10.0, categoria=Categoria, cantidad=5, reseñas=[]}, Producto{id=null, isbn=123456, titulo=Libro de Prueba, autor=Autor de Prueba, tipo=Tipo, editorial=Editorial, precio=10.0, categoria=Categoria, cantidad=5, reseñas=[]}, Producto{id=null, isbn=123456, titulo=Libro de Prueba, autor=Autor de Prueba, tipo=Tipo, editorial=Editorial, precio=10.0, categoria=Categoria, cantidad=5, reseñas=[]}, Producto{id=null, isbn=123456, titulo=Libro de Prueba, autor=Autor de Prueba, tipo=Tipo, editorial=Editorial, precio=10.0, categoria=Categoria, cantidad=5, reseñas=[]}, Producto{id=null, isbn=123456, titulo=Libro de Prueba, autor=Autor de Prueba, tipo=Tipo, editorial=Editorial, precio=10.0, categoria=Categoria, cantidad=5, reseñas=[]}, Producto{id=null, isbn=123456, titulo=Libro de Prueba, autor=Autor de Prueba, tipo=Tipo, editorial=Editorial, precio=10.0, categoria=Categoria, cantidad=5, reseñas=[]}, Producto{id=null, isbn=123456, titulo=Libro de Prueba, autor=Autor de Prueba, tipo=Tipo, editorial=Editorial, precio=10.0, categoria=Categoria, cantidad=5, reseñas=[]}, Producto{id=null, isbn=123456, titulo=Libro de Prueba, autor=Autor de Prueba, tipo=Tipo, editorial=Editorial, precio=10.0, categoria=Categoria, cantidad=5, reseñas=[]}, Producto{id=null, isbn=123456, titulo=Libro de Prueba, autor=Autor de Prueba, tipo=Tipo, editorial=Editorial, precio=10.0, categoria=Categoria, cantidad=5, reseñas=[]}, Producto{id=null, isbn=123456, titulo=Libro de Prueba, autor=Autor de Prueba, tipo=Tipo, editorial=Editorial, precio=10.0, categoria=Categoria, cantidad=5, reseñas=[]}, Producto{id=null, isbn=123456, titulo=Libro de Prueba, autor=Autor de Prueba, tipo=Tipo, editorial=Editorial, precio=10.0, categoria=Categoria, cantidad=5, reseñas=[]}, Producto{id=null, isbn=123456, titulo=Libro de Prueba, autor=Autor de Prueba, tipo=Tipo, editorial=Editorial, precio=10.0, categoria=Categoria, cantidad=5, reseñas=[]}, Producto{id=null, isbn=123456, titulo=Libro de Prueba, autor=Autor de Prueba, tipo=Tipo, editorial=Editorial, precio=10.0, categoria=Categoria, cantidad=5, reseñas=[]}, Producto{id=null, isbn=123456, titulo=Libro de Prueba, autor=Autor de Prueba, tipo=Tipo, editorial=Editorial, precio=10.0, categoria=Categoria, cantidad=5, reseñas=[]}]}]
]]></system-out>
  </testcase>
</testsuite>