<?xml version="1.0" encoding="UTF-8"?>
<testsuite xmlns:xsi="http://www.w3.org/2001/XMLSchema-instance" xsi:noNamespaceSchemaLocation="https://maven.apache.org/surefire/maven-surefire-plugin/xsd/surefire-test-report-3.0.xsd" version="3.0" name="DAO.ProductoDAOTest" time="0.276" tests="8" errors="0" skipped="0" failures="0">
  <properties>
    <property name="java.specification.version" value="22"/>
    <property name="sun.cpu.isalist" value="amd64"/>
    <property name="sun.jnu.encoding" value="Cp1252"/>
    <property name="java.class.path" value="C:\Users\INEGI\Downloads\Proyecto de pruebas de software\ProyectoDisenioGibran-main\ProyectoDisenioGibran-main\PersistenciaLibraryAccess\target\test-classes;C:\Users\INEGI\Downloads\Proyecto de pruebas de software\ProyectoDisenioGibran-main\ProyectoDisenioGibran-main\PersistenciaLibraryAccess\target\classes;C:\Users\INEGI\.m2\repository\org\mongodb\mongodb-driver-sync\4.5.0\mongodb-driver-sync-4.5.0.jar;C:\Users\INEGI\.m2\repository\org\mongodb\bson\4.5.0\bson-4.5.0.jar;C:\Users\INEGI\.m2\repository\org\mongodb\mongodb-driver-core\4.5.0\mongodb-driver-core-4.5.0.jar;C:\Users\INEGI\.m2\repository\org\junit\jupiter\junit-jupiter-api\5.10.3\junit-jupiter-api-5.10.3.jar;C:\Users\INEGI\.m2\repository\org\opentest4j\opentest4j\1.3.0\opentest4j-1.3.0.jar;C:\Users\INEGI\.m2\repository\org\junit\platform\junit-platform-commons\1.10.3\junit-platform-commons-1.10.3.jar;C:\Users\INEGI\.m2\repository\org\apiguardian\apiguardian-api\1.1.2\apiguardian-api-1.1.2.jar;C:\Users\INEGI\.m2\repository\org\junit\jupiter\junit-jupiter-params\5.10.3\junit-jupiter-params-5.10.3.jar;C:\Users\INEGI\.m2\repository\org\junit\jupiter\junit-jupiter-engine\5.10.3\junit-jupiter-engine-5.10.3.jar;C:\Users\INEGI\.m2\repository\org\junit\platform\junit-platform-engine\1.10.3\junit-platform-engine-1.10.3.jar;C:\Users\INEGI\.m2\repository\org\mockito\mockito-core\5.4.0\mockito-core-5.4.0.jar;C:\Users\INEGI\.m2\repository\net\bytebuddy\byte-buddy\1.14.5\byte-buddy-1.14.5.jar;C:\Users\INEGI\.m2\repository\net\bytebuddy\byte-buddy-agent\1.14.5\byte-buddy-agent-1.14.5.jar;C:\Users\INEGI\.m2\repository\org\objenesis\objenesis\3.3\objenesis-3.3.jar;"/>
    <property name="java.vm.vendor" value="Oracle Corporation"/>
    <property name="sun.arch.data.model" value="64"/>
    <property name="user.variant" value=""/>
    <property name="java.vendor.url" value="https://java.oracle.com/"/>
    <property name="user.timezone" value="America/Hermosillo"/>
    <property name="os.name" value="Windows 11"/>
    <property name="java.vm.specification.version" value="22"/>
    <property name="user.country" value="MX"/>
    <property name="sun.java.launcher" value="SUN_STANDARD"/>
    <property name="sun.boot.library.path" value="C:\Program Files\Java\jdk-22\bin"/>
    <property name="sun.java.command" value="C:\Users\INEGI\AppData\Local\Temp\surefire12014958090339204125\surefirebooter-20241105214723092_3.jar C:\Users\INEGI\AppData\Local\Temp\surefire12014958090339204125 2024-11-05T21-47-22_780-jvmRun1 surefire-20241105214723092_1tmp surefire_0-20241105214723092_2tmp"/>
    <property name="jdk.debug" value="release"/>
    <property name="surefire.test.class.path" value="C:\Users\INEGI\Downloads\Proyecto de pruebas de software\ProyectoDisenioGibran-main\ProyectoDisenioGibran-main\PersistenciaLibraryAccess\target\test-classes;C:\Users\INEGI\Downloads\Proyecto de pruebas de software\ProyectoDisenioGibran-main\ProyectoDisenioGibran-main\PersistenciaLibraryAccess\target\classes;C:\Users\INEGI\.m2\repository\org\mongodb\mongodb-driver-sync\4.5.0\mongodb-driver-sync-4.5.0.jar;C:\Users\INEGI\.m2\repository\org\mongodb\bson\4.5.0\bson-4.5.0.jar;C:\Users\INEGI\.m2\repository\org\mongodb\mongodb-driver-core\4.5.0\mongodb-driver-core-4.5.0.jar;C:\Users\INEGI\.m2\repository\org\junit\jupiter\junit-jupiter-api\5.10.3\junit-jupiter-api-5.10.3.jar;C:\Users\INEGI\.m2\repository\org\opentest4j\opentest4j\1.3.0\opentest4j-1.3.0.jar;C:\Users\INEGI\.m2\repository\org\junit\platform\junit-platform-commons\1.10.3\junit-platform-commons-1.10.3.jar;C:\Users\INEGI\.m2\repository\org\apiguardian\apiguardian-api\1.1.2\apiguardian-api-1.1.2.jar;C:\Users\INEGI\.m2\repository\org\junit\jupiter\junit-jupiter-params\5.10.3\junit-jupiter-params-5.10.3.jar;C:\Users\INEGI\.m2\repository\org\junit\jupiter\junit-jupiter-engine\5.10.3\junit-jupiter-engine-5.10.3.jar;C:\Users\INEGI\.m2\repository\org\junit\platform\junit-platform-engine\1.10.3\junit-platform-engine-1.10.3.jar;C:\Users\INEGI\.m2\repository\org\mockito\mockito-core\5.4.0\mockito-core-5.4.0.jar;C:\Users\INEGI\.m2\repository\net\bytebuddy\byte-buddy\1.14.5\byte-buddy-1.14.5.jar;C:\Users\INEGI\.m2\repository\net\bytebuddy\byte-buddy-agent\1.14.5\byte-buddy-agent-1.14.5.jar;C:\Users\INEGI\.m2\repository\org\objenesis\objenesis\3.3\objenesis-3.3.jar;"/>
    <property name="sun.cpu.endian" value="little"/>
    <property name="user.home" value="C:\Users\INEGI"/>
    <property name="user.language" value="es"/>
    <property name="java.specification.vendor" value="Oracle Corporation"/>
    <property name="java.version.date" value="2024-04-16"/>
    <property name="java.home" value="C:\Program Files\Java\jdk-22"/>
    <property name="file.separator" value="\"/>
    <property name="basedir" value="C:\Users\INEGI\Downloads\Proyecto de pruebas de software\ProyectoDisenioGibran-main\ProyectoDisenioGibran-main\PersistenciaLibraryAccess"/>
    <property name="java.vm.compressedOopsMode" value="Zero based"/>
    <property name="line.separator" value="&#10;"/>
    <property name="java.vm.specification.vendor" value="Oracle Corporation"/>
    <property name="java.specification.name" value="Java Platform API Specification"/>
    <property name="surefire.real.class.path" value="C:\Users\INEGI\AppData\Local\Temp\surefire12014958090339204125\surefirebooter-20241105214723092_3.jar"/>
    <property name="user.script" value=""/>
    <property name="sun.management.compiler" value="HotSpot 64-Bit Tiered Compilers"/>
    <property name="java.runtime.version" value="22.0.1+8-16"/>
    <property name="user.name" value="INEGI"/>
    <property name="stdout.encoding" value="Cp1252"/>
    <property name="path.separator" value=";"/>
    <property name="os.version" value="10.0"/>
    <property name="java.runtime.name" value="Java(TM) SE Runtime Environment"/>
    <property name="file.encoding" value="UTF-8"/>
    <property name="java.vm.name" value="Java HotSpot(TM) 64-Bit Server VM"/>
    <property name="maven.ext.class.path" value="C:\Program Files\NetBeans-23\netbeans\java\maven-nblib\netbeans-eventspy.jar"/>
    <property name="localRepository" value="C:\Users\INEGI\.m2\repository"/>
    <property name="java.vendor.url.bug" value="https://bugreport.java.com/bugreport/"/>
    <property name="java.io.tmpdir" value="C:\Users\INEGI\AppData\Local\Temp\"/>
    <property name="java.version" value="22.0.1"/>
    <property name="user.dir" value="C:\Users\INEGI\Downloads\Proyecto de pruebas de software\ProyectoDisenioGibran-main\ProyectoDisenioGibran-main\PersistenciaLibraryAccess"/>
    <property name="os.arch" value="amd64"/>
    <property name="java.vm.specification.name" value="Java Virtual Machine Specification"/>
    <property name="sun.os.patch.level" value=""/>
    <property name="native.encoding" value="Cp1252"/>
    <property name="java.library.path" value="C:\Program Files\Java\jdk-22\bin;C:\Windows\Sun\Java\bin;C:\Windows\system32;C:\Windows;C:\Program Files\Java\bin\;C:\Program Files\Common Files\Oracle\Java\javapath;C:\Program Files (x86)\Common Files\Oracle\Java\java8path;C:\Program Files (x86)\Common Files\Oracle\Java\javapath;C:\Windows\system32;C:\Windows;C:\Windows\System32\Wbem;C:\Windows\System32\WindowsPowerShell\v1.0\;C:\Windows\System32\OpenSSH\;C:\Program Files\Git\cmd;C:\Program Files\MySQL\MySQL Shell 8.0\bin\;C:\Users\INEGI\AppData\Local\Microsoft\WindowsApps;C:\Users\INEGI\AppData\Local\Programs\Microsoft VS Code\bin;C:\Users\INEGI\AppData\Local\GitHubDesktop\bin;."/>
    <property name="java.vm.info" value="mixed mode, sharing"/>
    <property name="stderr.encoding" value="Cp1252"/>
    <property name="java.vendor" value="Oracle Corporation"/>
    <property name="java.vm.version" value="22.0.1+8-16"/>
    <property name="sun.io.unicode.encoding" value="UnicodeLittle"/>
    <property name="java.class.version" value="66.0"/>
  </properties>
  <testcase name="testBuscarProductosPorAutor" classname="DAO.ProductoDAOTest" time="0.028">
    <system-out><![CDATA[ya esta ese producto
]]></system-out>
  </testcase>
  <testcase name="testObtenerTodosProductos" classname="DAO.ProductoDAOTest" time="0.123">
    <system-out><![CDATA[ya esta ese producto
[Producto{id=null, isbn=1234, titulo=Rapunzel, autor=Joaquin, tipo=libro, editorial=Primera, precio=300.0, categoria=aventura, cantidad=10, reseñas=[]}, Producto{id=null, isbn=1235, titulo=Rapunzel, autor=disney, tipo=libro, editorial=segunda, precio=4500.0, categoria=aventura, cantidad=20, reseñas=[]}, Producto{id=null, isbn=97805, titulo=Harry Potter and the Sorcerer's Stone, autor=J.K. Rowling, tipo=Libro, editorial=Scholastic Inc., precio=6.99, categoria=Aventura, cantidad=14, reseñas=[Reseña{idReseña=null, reseña=muy bueno, rating=5, producto=Producto{id=null, isbn=97805, titulo=Harry Potter and the Sorcerer's Stone, autor=J.K. Rowling, tipo=Libro, editorial=Scholastic Inc., precio=6.99, categoria=Aventura, cantidad=0, reseñas=[]}, usuario=Usuario{idUsuario=null, nombreUsuario=ramoncito, contrasenia=ramon, productosVendidos=[]}}]}, Producto{id=null, isbn=97800, titulo=Dracula, autor=Bram Stoker, tipo=Libro, editorial=Dover Publications, precio=5.99, categoria=Terror, cantidad=20, reseñas=[]}, Producto{id=null, isbn=48641, titulo=Cien años de soledad, autor=Gabriel García Márquez, tipo=Libro, editorial=Harper & Row, precio=8.99, categoria=Ficción, cantidad=30, reseñas=[]}, Producto{id=null, isbn=1, titulo=El Principito, autor=Antoine de Saint-Exupéry, tipo=Libro, editorial=Editorial, precio=10.99, categoria=Aventura, cantidad=50, reseñas=[]}, Producto{id=null, isbn=2, titulo=El Principito, autor=Otro Autor, tipo=Libro, editorial=Otra Editorial, precio=8.99, categoria=Fantasía, cantidad=30, reseñas=[]}, Producto{id=null, isbn=3, titulo=El Principito, autor=Otro Autor Más, tipo=Libro, editorial=Otra Editorial Más, precio=12.99, categoria=Aventura, cantidad=40, reseñas=[Reseña{idReseña=null, reseña=esta muy bueno, rating=1, producto=Producto{id=null, isbn=3, titulo=El Principito, autor=Otro Autor Más, tipo=Libro, editorial=Otra Editorial Más, precio=12.99, categoria=Aventura, cantidad=0, reseñas=[]}, usuario=Usuario{idUsuario=null, nombreUsuario=a, contrasenia=b, productosVendidos=[]}}]}, Producto{id=null, isbn=312345, titulo=como ser tiktoker, autor=jorgendo43, tipo=libro, editorial=primera, precio=12.99, categoria=importante, cantidad=40, reseñas=[]}, Producto{id=66385d2c38a5115b0b13f3e9, isbn=31234589, titulo=la llorona, autor=jorgendo43, tipo=libro, editorial=segunda, precio=15.99, categoria=importante, cantidad=50, reseñas=[Reseña{idReseña=null, reseña=looool, rating=5, producto=Producto{id=null, isbn=31234589, titulo=la llorona, autor=jorgendo43, tipo=libro, editorial=segunda, precio=15.99, categoria=importante, cantidad=0, reseñas=[]}, usuario=Usuario{idUsuario=null, nombreUsuario=a, contrasenia=b, productosVendidos=[]}}]}, Producto{id=null, isbn=456, titulo=Rapunzel, autor=Joaquin, tipo=libro, editorial=Primera, precio=300.0, categoria=aventura, cantidad=10, reseñas=[Reseña{idReseña=null, reseña=es lo mejor, rating=4, producto=Producto{id=null, isbn=456, titulo=Rapunzel, autor=Joaquin, tipo=libro, editorial=Primera, precio=300.0, categoria=aventura, cantidad=10, reseñas=[]}, usuario=Usuario{idUsuario=null, nombreUsuario=loco, contrasenia=loco, productosVendidos=[]}}, Reseña{idReseña=null, reseña=muy malo, rating=1, producto=Producto{id=null, isbn=456, titulo=Rapunzel, autor=Joaquin, tipo=libro, editorial=Primera, precio=300.0, categoria=aventura, cantidad=0, reseñas=[]}, usuario=Usuario{idUsuario=null, nombreUsuario=zelda, contrasenia=link, productosVendidos=[]}}, Reseña{idReseña=null, reseña=malardo, rating=2, producto=Producto{id=null, isbn=456, titulo=Rapunzel, autor=Joaquin, tipo=libro, editorial=Primera, precio=300.0, categoria=aventura, cantidad=0, reseñas=[]}, usuario=Usuario{idUsuario=null, nombreUsuario=zelda, contrasenia=link, productosVendidos=[]}}]}, Producto{id=null, isbn=12345, titulo=chespirito, autor=loret, tipo=revista, editorial=segunda, precio=200.0, categoria=peridismo, cantidad=4, reseñas=[Reseña{idReseña=null, reseña=Excelente producto, rating=5, producto=Producto{id=null, isbn=12345, titulo=Test Book, autor=Test Author, tipo=null, editorial=null, precio=299.99, categoria=null, cantidad=1, reseñas=[]}, usuario=Usuario{idUsuario=null, nombreUsuario=user, contrasenia=password, productosVendidos=[]}}]}, Producto{id=null, isbn=0, titulo=zelda, autor=miyamoto, tipo=libro, editorial=segunda, precio=15.99, categoria=importante, cantidad=48, reseñas=[Reseña{idReseña=null, reseña=Excelente producto, rating=5, producto=Producto{id=null, isbn=0, titulo=null, autor=null, tipo=null, editorial=null, precio=0.0, categoria=null, cantidad=0, reseñas=[]}, usuario=Usuario{idUsuario=null, nombreUsuario=null, contrasenia=null, productosVendidos=[]}}]}, Producto{id=null, isbn=3585, titulo=amlo, autor=loret, tipo=revista, editorial=segunda, precio=200.0, categoria=peridismo, cantidad=10, reseñas=[Reseña{idReseña=null, reseña=amlo el mejor, rating=5, producto=Producto{id=null, isbn=3585, titulo=amlo, autor=loret, tipo=revista, editorial=segunda, precio=200.0, categoria=peridismo, cantidad=0, reseñas=[]}, usuario=Usuario{idUsuario=null, nombreUsuario=zelda, contrasenia=link, productosVendidos=[]}}, Reseña{idReseña=null, reseña=VIVA MORENA, rating=5, producto=Producto{id=null, isbn=3585, titulo=amlo, autor=loret, tipo=revista, editorial=segunda, precio=200.0, categoria=peridismo, cantidad=0, reseñas=[]}, usuario=Usuario{idUsuario=null, nombreUsuario=a, contrasenia=b, productosVendidos=[]}}, Reseña{idReseña=null, reseña=viva el prian, rating=3, producto=Producto{id=null, isbn=3585, titulo=amlo, autor=loret, tipo=revista, editorial=segunda, precio=200.0, categoria=peridismo, cantidad=0, reseñas=[]}, usuario=Usuario{idUsuario=null, nombreUsuario=link, contrasenia=zelda, productosVendidos=[]}}, Reseña{idReseña=null, reseña=e mejor, rating=4, producto=Producto{id=null, isbn=3585, titulo=amlo, autor=loret, tipo=revista, editorial=segunda, precio=200.0, categoria=peridismo, cantidad=0, reseñas=[]}, usuario=Usuario{idUsuario=null, nombreUsuario=jorgendo43, contrasenia=raul, productosVendidos=[]}}]}, Producto{id=null, isbn=1246732, titulo=locomia, autor=ronda, tipo=mon, editorial=ramoncito, precio=3212.0, categoria=tercera, cantidad=5, reseñas=[]}, Producto{id=null, isbn=1065248, titulo=vendido, autor=Bram Stoker, tipo=Libro, editorial=Dover Publications, precio=5.99, categoria=Terror, cantidad=16, reseñas=[]}, Producto{id=null, isbn=109044, titulo=ramadann, autor=rummalia, tipo=cominaca, editorial=si, precio=321.0, categoria=primera, cantidad=4, reseñas=[]}, Producto{id=null, isbn=567065, titulo=edgar, autor=acevedo, tipo=acosta, editorial=si, precio=2332.0, categoria=primera, cantidad=21, reseñas=[Reseña{idReseña=null, reseña=un libro muy malo, rating=4, producto=Producto{id=null, isbn=567065, titulo=edgar, autor=acevedo, tipo=acosta, editorial=si, precio=2332.0, categoria=primera, cantidad=0, reseñas=[]}, usuario=Usuario{idUsuario=null, nombreUsuario=ramoncito, contrasenia=ramon, productosVendidos=[]}}]}, Producto{id=null, isbn=123456, titulo=Libro de Prueba, autor=Autor de Prueba, tipo=Tipo, editorial=Editorial, precio=10.0, categoria=Categoria, cantidad=1, reseñas=[Reseña{idReseña=null, reseña=Esta es una reseña de prueba., rating=5, producto=Producto{id=null, isbn=123456, titulo=Título de prueba, autor=Autor de prueba, tipo=Tipo de prueba, editorial=Editorial de prueba, precio=19.99, categoria=Categoría de prueba, cantidad=10, reseñas=[]}, usuario=Usuario{idUsuario=6726e5a905383e7545cbc7a4, nombreUsuario=usuarioPrueba, contrasenia=contraseña, productosVendidos=[]}}]}, Producto{id=null, isbn=123456789, titulo=Libro de Prueba, autor=Autor de Prueba, tipo=Tipo, editorial=Editorial, precio=20.0, categoria=Categoria, cantidad=1, reseñas=[]}, Producto{id=null, isbn=123, titulo=Producto A, autor=Autor A, tipo=Tipo A, editorial=Editorial A, precio=10.0, categoria=Categoría A, cantidad=5, reseñas=[]}, Producto{id=null, isbn=789012, titulo=1984, autor=George Orwell, tipo=Libro, editorial=Editorial Test, precio=399.99, categoria=Ficción, cantidad=3, reseñas=[]}]
]]></system-out>
  </testcase>
  <testcase name="testBuscarProductosPorIsbn" classname="DAO.ProductoDAOTest" time="0.02">
    <system-out><![CDATA[ya esta ese producto
]]></system-out>
  </testcase>
  <testcase name="testBuscarProductosPorVendedor" classname="DAO.ProductoDAOTest" time="0.017">
    <system-out><![CDATA[ya esta ese producto
[Producto{id=null, isbn=1, titulo=El Principito, autor=Antoine de Saint-Exupéry, tipo=Libro, editorial=Editorial, precio=10.99, categoria=Aventura, cantidad=50, reseñas=[]}, Producto{id=null, isbn=123456, titulo=Libro de Prueba, autor=Autor de Prueba, tipo=Tipo, editorial=Editorial, precio=10.0, categoria=Categoria, cantidad=1, reseñas=[Reseña{idReseña=null, reseña=Esta es una reseña de prueba., rating=5, producto=Producto{id=null, isbn=123456, titulo=Título de prueba, autor=Autor de prueba, tipo=Tipo de prueba, editorial=Editorial de prueba, precio=19.99, categoria=Categoría de prueba, cantidad=10, reseñas=[]}, usuario=Usuario{idUsuario=6726e5a905383e7545cbc7a4, nombreUsuario=usuarioPrueba, contrasenia=contraseña, productosVendidos=[]}}]}, Producto{id=null, isbn=123456789, titulo=Libro de Prueba, autor=Autor de Prueba, tipo=Tipo, editorial=Editorial, precio=20.0, categoria=Categoria, cantidad=1, reseñas=[]}]
]]></system-out>
  </testcase>
  <testcase name="testActualizarCantidadProducto" classname="DAO.ProductoDAOTest" time="0.018">
    <system-out><![CDATA[ya esta ese producto
No hay suficiente inventario para la venta.
Producto{id=null, isbn=123456789, titulo=Libro de Prueba, autor=Autor de Prueba, tipo=Tipo, editorial=Editorial, precio=20.0, categoria=Categoria, cantidad=1, reseñas=[]}
]]></system-out>
  </testcase>
  <testcase name="testBuscarProductosPorNombre" classname="DAO.ProductoDAOTest" time="0.014">
    <system-out><![CDATA[ya esta ese producto
]]></system-out>
  </testcase>
  <testcase name="testAgregarProducto" classname="DAO.ProductoDAOTest" time="0.012">
    <system-out><![CDATA[ya esta ese producto
]]></system-out>
  </testcase>
  <testcase name="testBuscarProductosPorCategoria" classname="DAO.ProductoDAOTest" time="0.012">
    <system-out><![CDATA[ya esta ese producto
]]></system-out>
  </testcase>
</testsuite>